<?xml version="1.0" encoding="UTF-8"?>
<testng-results ignored="0" total="1" passed="1" failed="0" skipped="0">
  <reporter-output>
  </reporter-output>
  <suite started-at="2025-04-06T01:37:24 IST" name="Default suite" finished-at="2025-04-06T01:38:45 IST" duration-ms="80312">
    <groups>
    </groups>
    <test started-at="2025-04-06T01:37:24 IST" name="Default test" finished-at="2025-04-06T01:38:45 IST" duration-ms="80312">
      <class name="QATest.TestCase1">
        <test-method is-config="true" signature="setUpBrowser()[pri:0, instance:QATest.TestCase1@71a8adcf]" started-at="2025-04-06T01:37:20 IST" name="setUpBrowser" finished-at="2025-04-06T01:37:24 IST" duration-ms="4613" status="PASS">
          <reporter-output>
          </reporter-output>
        </test-method> <!-- setUpBrowser -->
        <test-method signature="loginNaukri()[pri:0, instance:QATest.TestCase1@71a8adcf]" started-at="2025-04-06T01:37:24 IST" name="loginNaukri" finished-at="2025-04-06T01:38:45 IST" duration-ms="80281" status="PASS">
          <reporter-output>
          </reporter-output>
        </test-method> <!-- loginNaukri -->
        <test-method is-config="true" signature="closeBrowser()[pri:0, instance:QATest.TestCase1@71a8adcf]" started-at="2025-04-06T01:38:45 IST" name="closeBrowser" finished-at="2025-04-06T01:38:45 IST" duration-ms="0" status="PASS">
          <reporter-output>
          </reporter-output>
        </test-method> <!-- closeBrowser -->
      </class> <!-- QATest.TestCase1 -->
    </test> <!-- Default test -->
  </suite> <!-- Default suite -->
</testng-results>
